<?xml version="1.0" encoding="utf-8"?><testsuites name="pytest tests"><testsuite name="pytest" errors="0" failures="0" skipped="0" tests="33" time="3.822" timestamp="2026-06-01T14:57:15.634429+00:00" hostname="agent-env-58575101-7f75-40dc-b241-e86f31f659d8"><testcase classname="backend.tests.backend_test.TestHealth" name="test_root" time="0.279" /><testcase classname="backend.tests.backend_test.TestAuth" name="test_login_success" time="0.281" /><testcase classname="backend.tests.backend_test.TestAuth" name="test_login_invalid_password" time="0.277" /><testcase classname="backend.tests.backend_test.TestAuth" name="test_login_unknown_email" time="0.055" /><testcase classname="backend.tests.backend_test.TestAuth" name="test_me_with_token" time="0.334" /><testcase classname="backend.tests.backend_test.TestAuth" name="test_me_missing_token" time="0.167" /><testcase classname="backend.tests.backend_test.TestAuth" name="test_me_invalid_token" time="0.162" /><testcase classname="backend.tests.backend_test.TestLeadsSubmit" name="test_submit_enquiry" time="0.054" /><testcase classname="backend.tests.backend_test.TestLeadsSubmit" name="test_submit_dealer" time="0.058" /><testcase classname="backend.tests.backend_test.TestLeadsSubmit" name="test_submit_bulk_order" time="0.050" /><testcase classname="backend.tests.backend_test.TestLeadsSubmit" name="test_submit_contact" time="0.052" /><testcase classname="backend.tests.backend_test.TestLeadsSubmit" name="test_submit_enquiry_missing_required" time="0.056" /><testcase classname="backend.tests.backend_test.TestAdminLeads" name="test_list_enquiry" time="0.056" /><testcase classname="backend.tests.backend_test.TestAdminLeads" name="test_list_all" time="0.056" /><testcase classname="backend.tests.backend_test.TestAdminLeads" name="test_list_without_auth" time="0.124" /><testcase classname="backend.tests.backend_test.TestAdminLeads" name="test_delete_lead" time="0.114" /><testcase classname="backend.tests.backend_test.TestAdminLeads" name="test_delete_nonexistent" time="0.055" /><testcase classname="backend.tests.backend_test.TestAdminStats" name="test_stats" time="0.060" /><testcase classname="backend.tests.backend_test.TestAdminStats" name="test_stats_unauth" time="0.133" /><testcase classname="backend.tests.backend_test.TestBlog" name="test_cleanup_before" time="0.062" /><testcase classname="backend.tests.backend_test.TestBlog" name="test_create_post" time="0.062" /><testcase classname="backend.tests.backend_test.TestBlog" name="test_create_duplicate_slug" time="0.066" /><testcase classname="backend.tests.backend_test.TestBlog" name="test_public_list_blog" time="0.050" /><testcase classname="backend.tests.backend_test.TestBlog" name="test_public_get_blog" time="0.055" /><testcase classname="backend.tests.backend_test.TestBlog" name="test_public_get_missing" time="0.059" /><testcase classname="backend.tests.backend_test.TestBlog" name="test_update_blog" time="0.110" /><testcase classname="backend.tests.backend_test.TestBlog" name="test_update_empty_payload" time="0.068" /><testcase classname="backend.tests.backend_test.TestBlog" name="test_update_unauth" time="0.111" /><testcase classname="backend.tests.backend_test.TestBlog" name="test_admin_list_blog" time="0.053" /><testcase classname="backend.tests.backend_test.TestBlog" name="test_delete_blog" time="0.117" /><testcase classname="backend.tests.backend_test.TestBlog" name="test_delete_blog_missing" time="0.063" /><testcase classname="backend.tests.backend_test.TestBlog" name="test_create_blog_unauth" time="0.107" /><testcase classname="backend.tests.backend_test.TestCleanup" name="test_cleanup_test_leads" time="0.180" /></testsuite></testsuites>